# JRE version: Java(TM) SE Runtime Environment (17.0.2+8) (build 17.0.2+8-LTS-86)
# Java VM: Java HotSpot(TM) 64-Bit Server VM (17.0.2+8-LTS-86, mixed mode, sharing, tiered, compressed oops, compressed class ptrs, g1 gc, windows-amd64)
GC Precious Log:
 CPUs: 2 total, 2 available
 Memory: 4010M
 Large Page Support: Disabled
 NUMA Support: Disabled
 Compressed Oops: Enabled (32-bit)
 Heap Region Size: 1M
 Heap Min Capacity: 8M
 Heap Initial Capacity: 64M
 Heap Max Capacity: 1004M
 Pre-touch: Disabled
 Parallel Workers: 2
 Concurrent Workers: 1
 Concurrent Refinement Workers: 2
 Periodic GC: Disabled
Heap:
 garbage-first heap   total 233472K, used 134637K [0x00000000c1400000, 0x0000000100000000)
  region size 1024K, 103 young (105472K), 1 survivors (1024K)
 Metaspace       used 70130K, committed 70592K, reserved 1114112K
  class space    used 9108K, committed 9344K, reserved 1048576K
GC Heap History (20 events):
Event: 4213.179 GC heap before
{Heap before GC invocations=62 (full 0):
 garbage-first heap   total 116736K, used 35473K [0x00000000c1400000, 0x0000000100000000)
  region size 1024K, 5 young (5120K), 1 survivors (1024K)
 Metaspace       used 69279K, committed 69760K, reserved 1114112K
  class space    used 9104K, committed 9344K, reserved 1048576K
}
Event: 4213.320 GC heap after
{Heap after GC invocations=63 (full 0):
 garbage-first heap   total 116736K, used 31090K [0x00000000c1400000, 0x0000000100000000)
  region size 1024K, 1 young (1024K), 1 survivors (1024K)
 Metaspace       used 69279K, committed 69760K, reserved 1114112K
  class space    used 9104K, committed 9344K, reserved 1048576K
}
Event: 4639.724 GC heap before
{Heap before GC invocations=63 (full 0):
 garbage-first heap   total 116736K, used 99698K [0x00000000c1400000, 0x0000000100000000)
  region size 1024K, 68 young (69632K), 1 survivors (1024K)
 Metaspace       used 69410K, committed 69888K, reserved 1114112K
  class space    used 9104K, committed 9344K, reserved 1048576K
}
Event: 4645.400 GC heap after
{Heap after GC invocations=64 (full 0):
 garbage-first heap   total 233472K, used 31142K [0x00000000c1400000, 0x0000000100000000)
  region size 1024K, 1 young (1024K), 1 survivors (1024K)
 Metaspace       used 69410K, committed 69888K, reserved 1114112K
  class space    used 9104K, committed 9344K, reserved 1048576K
}
Event: 4650.674 GC heap before
{Heap before GC invocations=64 (full 0):
 garbage-first heap   total 233472K, used 41382K [0x00000000c1400000, 0x0000000100000000)
  region size 1024K, 11 young (11264K), 1 survivors (1024K)
 Metaspace       used 69415K, committed 69888K, reserved 1114112K
  class space    used 9104K, committed 9344K, reserved 1048576K
}
Event: 4650.807 GC heap after
{Heap after GC invocations=65 (full 0):
 garbage-first heap   total 233472K, used 31128K [0x00000000c1400000, 0x0000000100000000)
  region size 1024K, 1 young (1024K), 1 survivors (1024K)
 Metaspace       used 69415K, committed 69888K, reserved 1114112K
  class space    used 9104K, committed 9344K, reserved 1048576K
}
Event: 4652.557 GC heap before
{Heap before GC invocations=65 (full 0):
 garbage-first heap   total 233472K, used 41368K [0x00000000c1400000, 0x0000000100000000)
  region size 1024K, 11 young (11264K), 1 survivors (1024K)
 Metaspace       used 69425K, committed 69888K, reserved 1114112K
  class space    used 9104K, committed 9344K, reserved 1048576K
}
Event: 4652.606 GC heap after
{Heap after GC invocations=66 (full 0):
 garbage-first heap   total 233472K, used 31139K [0x00000000c1400000, 0x0000000100000000)
  region size 1024K, 1 young (1024K), 1 survivors (1024K)
 Metaspace       used 69425K, committed 69888K, reserved 1114112K
  class space    used 9104K, committed 9344K, reserved 1048576K
}
Event: 4653.985 GC heap before
{Heap before GC invocations=66 (full 0):
 garbage-first heap   total 233472K, used 41379K [0x00000000c1400000, 0x0000000100000000)
  region size 1024K, 11 young (11264K), 1 survivors (1024K)
 Metaspace       used 69427K, committed 69888K, reserved 1114112K
  class space    used 9104K, committed 9344K, reserved 1048576K
}
Event: 4654.612 GC heap after
{Heap after GC invocations=67 (full 0):
 garbage-first heap   total 233472K, used 31150K [0x00000000c1400000, 0x0000000100000000)
  region size 1024K, 1 young (1024K), 1 survivors (1024K)
 Metaspace       used 69427K, committed 69888K, reserved 1114112K
  class space    used 9104K, committed 9344K, reserved 1048576K
}
Event: 4655.506 GC heap before
{Heap before GC invocations=67 (full 0):
 garbage-first heap   total 233472K, used 41390K [0x00000000c1400000, 0x0000000100000000)
  region size 1024K, 11 young (11264K), 1 survivors (1024K)
 Metaspace       used 69432K, committed 69888K, reserved 1114112K
  class space    used 9104K, committed 9344K, reserved 1048576K
}
Event: 4655.509 GC heap after
{Heap after GC invocations=68 (full 0):
 garbage-first heap   total 233472K, used 31154K [0x00000000c1400000, 0x0000000100000000)
  region size 1024K, 1 young (1024K), 1 survivors (1024K)
 Metaspace       used 69432K, committed 69888K, reserved 1114112K
  class space    used 9104K, committed 9344K, reserved 1048576K
}
Event: 4656.166 GC heap before
{Heap before GC invocations=68 (full 0):
 garbage-first heap   total 233472K, used 41394K [0x00000000c1400000, 0x0000000100000000)
  region size 1024K, 11 young (11264K), 1 survivors (1024K)
 Metaspace       used 69432K, committed 69888K, reserved 1114112K
  class space    used 9104K, committed 9344K, reserved 1048576K
}
Event: 4656.349 GC heap after
{Heap after GC invocations=69 (full 0):
 garbage-first heap   total 233472K, used 31172K [0x00000000c1400000, 0x0000000100000000)
  region size 1024K, 1 young (1024K), 1 survivors (1024K)
 Metaspace       used 69432K, committed 69888K, reserved 1114112K
  class space    used 9104K, committed 9344K, reserved 1048576K
}
Event: 4660.201 GC heap before
{Heap before GC invocations=69 (full 0):
 garbage-first heap   total 233472K, used 41412K [0x00000000c1400000, 0x0000000100000000)
  region size 1024K, 11 young (11264K), 1 survivors (1024K)
 Metaspace       used 69447K, committed 69888K, reserved 1114112K
  class space    used 9104K, committed 9344K, reserved 1048576K
}
Event: 4660.343 GC heap after
{Heap after GC invocations=70 (full 0):
 garbage-first heap   total 233472K, used 31186K [0x00000000c1400000, 0x0000000100000000)
  region size 1024K, 1 young (1024K), 1 survivors (1024K)
 Metaspace       used 69447K, committed 69888K, reserved 1114112K
  class space    used 9104K, committed 9344K, reserved 1048576K
}
Event: 4681.161 GC heap before
{Heap before GC invocations=70 (full 0):
 garbage-first heap   total 233472K, used 41426K [0x00000000c1400000, 0x0000000100000000)
  region size 1024K, 11 young (11264K), 1 survivors (1024K)
 Metaspace       used 69473K, committed 69888K, reserved 1114112K
  class space    used 9105K, committed 9344K, reserved 1048576K
}
Event: 4681.189 GC heap after
{Heap after GC invocations=71 (full 0):
 garbage-first heap   total 233472K, used 31176K [0x00000000c1400000, 0x0000000100000000)
  region size 1024K, 1 young (1024K), 1 survivors (1024K)
 Metaspace       used 69473K, committed 69888K, reserved 1114112K
  class space    used 9105K, committed 9344K, reserved 1048576K
}
Event: 4719.209 GC heap before
{Heap before GC invocations=71 (full 0):
 garbage-first heap   total 233472K, used 41416K [0x00000000c1400000, 0x0000000100000000)
  region size 1024K, 11 young (11264K), 1 survivors (1024K)
 Metaspace       used 69738K, committed 70208K, reserved 1114112K
  class space    used 9106K, committed 9344K, reserved 1048576K
}
Event: 4719.244 GC heap after
{Heap after GC invocations=72 (full 0):
 garbage-first heap   total 233472K, used 31213K [0x00000000c1400000, 0x0000000100000000)
  region size 1024K, 1 young (1024K), 1 survivors (1024K)
 Metaspace       used 69738K, committed 70208K, reserved 1114112K
  class space    used 9106K, committed 9344K, reserved 1048576K
}

